0 info it worked if it ends with ok
1 verbose cli [ 'C:\\Program Files\\nodejs\\node.exe',
1 verbose cli   'C:\\Program Files\\nodejs\\node_modules\\npm\\bin\\npm-cli.js',
1 verbose cli   'start' ]
2 info using npm@3.10.3
3 info using node@v6.6.0
4 verbose run-script [ 'prestart', 'start', 'poststart' ]
5 info lifecycle RicebookServer@1.0.0~prestart: RicebookServer@1.0.0
6 silly lifecycle RicebookServer@1.0.0~prestart: no script for prestart, continuing
7 info lifecycle RicebookServer@1.0.0~start: RicebookServer@1.0.0
8 verbose lifecycle RicebookServer@1.0.0~start: unsafe-perm in lifecycle true
9 verbose lifecycle RicebookServer@1.0.0~start: PATH: C:\Program Files\nodejs\node_modules\npm\bin\node-gyp-bin;D:\final\COMP531\hw8\backend\node_modules\.bin;C:\Program Files\nodejs;C:\Users\xintong\AppData\Roaming\npm;C:\Program Files\nodejs\;C:\ProgramData\Oracle\Java\javapath;C:\Program Files (x86)\Intel\iCLS Client\;C:\Program Files\Intel\iCLS Client\;C:\Windows\system32;C:\Windows;C:\Windows\System32\Wbem;C:\Windows\System32\WindowsPowerShell\v1.0\;C:\Program Files (x86)\ATI Technologies\ATI.ACE\Core-Static;C:\Program Files\Intel\Intel(R) Management Engine Components\DAL;C:\Program Files (x86)\Intel\Intel(R) Management Engine Components\DAL;C:\Program Files\Intel\Intel(R) Management Engine Components\IPT;C:\Program Files (x86)\Intel\Intel(R) Management Engine Components\IPT;D:\MATLAB\runtime\win64;D:\MATLAB\bin;D:\MATLAB\polyspace\bin;C:\Program Files\nodejs\;C:\Program Files (x86)\Heroku\bin;C:\Program Files (x86)\git\cmd;D:\Scripts\;D:\;C:\Users\xintong\AppData\Roaming\npm;C:\Program Files (x86)\SSH Communications Security\SSH Secure Shell;C:Python27
10 verbose lifecycle RicebookServer@1.0.0~start: CWD: D:\final\COMP531\hw8\backend
11 silly lifecycle RicebookServer@1.0.0~start: Args: [ '/d /s /c', 'node index.js' ]
12 silly lifecycle RicebookServer@1.0.0~start: Returned: code: 1  signal: null
13 info lifecycle RicebookServer@1.0.0~start: Failed to exec start script
14 verbose stack Error: RicebookServer@1.0.0 start: `node index.js`
14 verbose stack Exit status 1
14 verbose stack     at EventEmitter.<anonymous> (C:\Program Files\nodejs\node_modules\npm\lib\utils\lifecycle.js:242:16)
14 verbose stack     at emitTwo (events.js:106:13)
14 verbose stack     at EventEmitter.emit (events.js:191:7)
14 verbose stack     at ChildProcess.<anonymous> (C:\Program Files\nodejs\node_modules\npm\lib\utils\spawn.js:40:14)
14 verbose stack     at emitTwo (events.js:106:13)
14 verbose stack     at ChildProcess.emit (events.js:191:7)
14 verbose stack     at maybeClose (internal/child_process.js:877:16)
14 verbose stack     at Process.ChildProcess._handle.onexit (internal/child_process.js:226:5)
15 verbose pkgid RicebookServer@1.0.0
16 verbose cwd D:\final\COMP531\hw8\backend
17 error Windows_NT 6.3.9600
18 error argv "C:\\Program Files\\nodejs\\node.exe" "C:\\Program Files\\nodejs\\node_modules\\npm\\bin\\npm-cli.js" "start"
19 error node v6.6.0
20 error npm  v3.10.3
21 error code ELIFECYCLE
22 error RicebookServer@1.0.0 start: `node index.js`
22 error Exit status 1
23 error Failed at the RicebookServer@1.0.0 start script 'node index.js'.
23 error Make sure you have the latest version of node.js and npm installed.
23 error If you do, this is most likely a problem with the RicebookServer package,
23 error not with npm itself.
23 error Tell the author that this fails on your system:
23 error     node index.js
23 error You can get information on how to open an issue for this project with:
23 error     npm bugs RicebookServer
23 error Or if that isn't available, you can get their info via:
23 error     npm owner ls RicebookServer
23 error There is likely additional logging output above.
24 verbose exit [ 1, true ]
